

================================================================
== Vitis HLS Report for 'calculate_pseudoimage_Pipeline_collection_loop'
================================================================
* Date:           Fri Dec 19 23:51:05 2025

* Version:        2025.2 (Build 6295257 on Nov 14 2025)
* Project:        hls_component
* Solution:       hls (Vivado IP Flow Target)
* Product family: kintexu
* Target device:  xcku025-ffva1156-2-e


================================================================
== Performance Estimates
================================================================
+ Timing: 
    * Summary: 
    +--------+----------+----------+------------+
    |  Clock |  Target  | Estimated| Uncertainty|
    +--------+----------+----------+------------+
    |ap_clk  |  10.00 ns|  5.926 ns|     2.70 ns|
    +--------+----------+----------+------------+

+ Latency: 
    * Summary: 
    +---------+---------+-----------+-----------+-----+-----+-------------------+
    |  Latency (cycles) |   Latency (absolute)  |  Interval |      Pipeline     |
    |   min   |   max   |    min    |    max    | min | max |        Type       |
    +---------+---------+-----------+-----------+-----+-----+-------------------+
    |     2032|     2032|  20.320 us|  20.320 us|    0|    0|  loop pipeline stp|
    +---------+---------+-----------+-----------+-----+-----+-------------------+

    + Detail: 
        * Instance: 
        N/A

        * Loop: 
        +-------------------+---------+---------+----------+-----------+-----------+------+----------+
        |                   |  Latency (cycles) | Iteration|  Initiation Interval  | Trip |          |
        |     Loop Name     |   min   |   max   |  Latency |  achieved |   target  | Count| Pipelined|
        +-------------------+---------+---------+----------+-----------+-----------+------+----------+
        |- collection_loop  |     2030|     2030|        33|          2|          1|  1000|       yes|
        +-------------------+---------+---------+----------+-----------+-----------+------+----------+



================================================================
== Utilization Estimates
================================================================
* Summary: 
+-----------------+---------+------+--------+--------+-----+
|       Name      | BRAM_18K|  DSP |   FF   |   LUT  | URAM|
+-----------------+---------+------+--------+--------+-----+
|DSP              |        -|     -|       -|       -|    -|
|Expression       |        -|     -|       0|    4199|    -|
|FIFO             |        -|     -|       -|       -|    -|
|Instance         |        -|     -|       -|       -|    -|
|Memory           |        -|     -|       -|       -|    -|
|Multiplexer      |        -|     -|       0|     268|    -|
|Register         |        -|     -|     824|       3|    -|
+-----------------+---------+------+--------+--------+-----+
|Total            |        0|     0|     824|    4470|    0|
+-----------------+---------+------+--------+--------+-----+
|Available        |      720|  1152|  290880|  145440|    0|
+-----------------+---------+------+--------+--------+-----+
|Utilization (%)  |        0|     0|      ~0|       3|    0|
+-----------------+---------+------+--------+--------+-----+

+ Detail: 
    * Instance: 
    N/A

    * DSP: 
    N/A

    * Memory: 
    N/A

    * FIFO: 
    N/A

    * Expression: 
    +--------------------------+----------+----+---+-----+------------+------------+
    |       Variable Name      | Operation| DSP| FF| LUT | Bitwidth P0| Bitwidth P1|
    +--------------------------+----------+----+---+-----+------------+------------+
    |add_ln32_fu_223_p2        |         +|   0|  0|   17|          10|           1|
    |add_ln36_fu_723_p2        |         +|   0|  0|   21|          14|          14|
    |add_ln43_fu_785_p2        |         +|   0|  0|   27|          20|          20|
    |add_ln486_1_fu_533_p2     |         +|   0|  0|   19|          12|          11|
    |add_ln486_2_fu_389_p2     |         +|   0|  0|   19|          12|          11|
    |add_ln486_3_fu_632_p2     |         +|   0|  0|   19|          12|          11|
    |add_ln486_fu_271_p2       |         +|   0|  0|   19|          12|          11|
    |add_ln48_fu_796_p2        |         +|   0|  0|   14|           7|           1|
    |pillar_count_1_fu_770_p2  |         +|   0|  0|   39|          32|           1|
    |sub_ln71_1_fu_547_p2      |         -|   0|  0|   18|          10|          11|
    |sub_ln71_2_fu_403_p2      |         -|   0|  0|   18|          10|          11|
    |sub_ln71_3_fu_646_p2      |         -|   0|  0|   18|          10|          11|
    |sub_ln71_fu_285_p2        |         -|   0|  0|   18|          10|          11|
    |icmp_ln32_fu_217_p2       |      icmp|   0|  0|   17|          10|           6|
    |icmp_ln37_fu_755_p2       |      icmp|   0|  0|   33|          26|           1|
    |icmp_ln38_fu_761_p2       |      icmp|   0|  0|   39|          32|           1|
    |lshr_ln71_1_fu_572_p2     |      lshr|   0|  0|  460|         137|         137|
    |lshr_ln71_2_fu_429_p2     |      lshr|   0|  0|  460|         137|         137|
    |lshr_ln71_3_fu_671_p2     |      lshr|   0|  0|  460|         137|         137|
    |lshr_ln71_fu_311_p2       |      lshr|   0|  0|  460|         137|         137|
    |select_ln71_1_fu_343_p3   |    select|   0|  0|   25|           1|          25|
    |select_ln71_2_fu_556_p3   |    select|   0|  0|   12|           1|          12|
    |select_ln71_4_fu_413_p3   |    select|   0|  0|   12|           1|          12|
    |select_ln71_5_fu_461_p3   |    select|   0|  0|   25|           1|          25|
    |select_ln71_6_fu_655_p3   |    select|   0|  0|   12|           1|          12|
    |select_ln71_fu_295_p3     |    select|   0|  0|   12|           1|          12|
    |val_1_fu_703_p3           |    select|   0|  0|   32|           1|          32|
    |val_fu_604_p3             |    select|   0|  0|   32|           1|          32|
    |shl_ln71_1_fu_578_p2      |       shl|   0|  0|  460|         137|         137|
    |shl_ln71_2_fu_435_p2      |       shl|   0|  0|  460|         137|         137|
    |shl_ln71_3_fu_677_p2      |       shl|   0|  0|  460|         137|         137|
    |shl_ln71_fu_317_p2        |       shl|   0|  0|  460|         137|         137|
    |ap_enable_pp0             |       xor|   0|  0|    2|           1|           2|
    +--------------------------+----------+----+---+-----+------------+------------+
    |Total                     |          |   0|  0| 4199|        1344|        1393|
    +--------------------------+----------+----+---+-----+------------+------------+

    * Multiplexer: 
    +-----------------------------------+----+-----------+-----+-----------+
    |                Name               | LUT| Input Size| Bits| Total Bits|
    +-----------------------------------+----+-----------+-----+-----------+
    |ap_NS_fsm                          |  14|          3|    1|          3|
    |ap_done_int                        |   9|          2|    1|          2|
    |ap_enable_reg_pp0_iter0            |   9|          2|    1|          2|
    |ap_enable_reg_pp0_iter1            |   9|          2|    1|          2|
    |ap_enable_reg_pp0_iter16           |   9|          2|    1|          2|
    |ap_loop_exit_ready_pp0_iter10_reg  |   9|          2|    1|          2|
    |ap_loop_exit_ready_pp0_iter11_reg  |   9|          2|    1|          2|
    |ap_loop_exit_ready_pp0_iter12_reg  |   9|          2|    1|          2|
    |ap_loop_exit_ready_pp0_iter13_reg  |   9|          2|    1|          2|
    |ap_loop_exit_ready_pp0_iter14_reg  |   9|          2|    1|          2|
    |ap_loop_exit_ready_pp0_iter15_reg  |   9|          2|    1|          2|
    |ap_loop_exit_ready_pp0_iter1_reg   |   9|          2|    1|          2|
    |ap_loop_exit_ready_pp0_iter2_reg   |   9|          2|    1|          2|
    |ap_loop_exit_ready_pp0_iter3_reg   |   9|          2|    1|          2|
    |ap_loop_exit_ready_pp0_iter4_reg   |   9|          2|    1|          2|
    |ap_loop_exit_ready_pp0_iter5_reg   |   9|          2|    1|          2|
    |ap_loop_exit_ready_pp0_iter6_reg   |   9|          2|    1|          2|
    |ap_loop_exit_ready_pp0_iter7_reg   |   9|          2|    1|          2|
    |ap_loop_exit_ready_pp0_iter8_reg   |   9|          2|    1|          2|
    |ap_loop_exit_ready_pp0_iter9_reg   |   9|          2|    1|          2|
    |ap_sig_allocacmp_i_1               |   9|          2|   10|         20|
    |grp_fu_196_p0                      |  14|          3|   64|        192|
    |grp_fu_201_p0                      |  14|          3|   32|         96|
    |i_fu_116                           |   9|          2|   10|         20|
    |pillar_count_fu_120                |   9|          2|   32|         64|
    |pseudoimage_count_address0_local   |  14|          3|   14|         42|
    |pseudoimage_data_address0_local    |  14|          3|   20|         60|
    +-----------------------------------+----+-----------+-----+-----------+
    |Total                              | 268|         59|  202|        535|
    +-----------------------------------+----+-----------+-----+-----------+

    * Register: 
    +--------------------------------------+-----+----+-----+-----------+
    |                 Name                 |  FF | LUT| Bits| Const Bits|
    +--------------------------------------+-----+----+-----+-----------+
    |add_ln36_reg_926                      |   14|   0|   14|          0|
    |ap_CS_fsm                             |    2|   0|    2|          0|
    |ap_done_reg                           |    1|   0|    1|          0|
    |ap_enable_reg_pp0_iter0_reg           |    1|   0|    1|          0|
    |ap_enable_reg_pp0_iter1               |    1|   0|    1|          0|
    |ap_enable_reg_pp0_iter10              |    1|   0|    1|          0|
    |ap_enable_reg_pp0_iter11              |    1|   0|    1|          0|
    |ap_enable_reg_pp0_iter12              |    1|   0|    1|          0|
    |ap_enable_reg_pp0_iter13              |    1|   0|    1|          0|
    |ap_enable_reg_pp0_iter14              |    1|   0|    1|          0|
    |ap_enable_reg_pp0_iter15              |    1|   0|    1|          0|
    |ap_enable_reg_pp0_iter16              |    1|   0|    1|          0|
    |ap_enable_reg_pp0_iter2               |    1|   0|    1|          0|
    |ap_enable_reg_pp0_iter3               |    1|   0|    1|          0|
    |ap_enable_reg_pp0_iter4               |    1|   0|    1|          0|
    |ap_enable_reg_pp0_iter5               |    1|   0|    1|          0|
    |ap_enable_reg_pp0_iter6               |    1|   0|    1|          0|
    |ap_enable_reg_pp0_iter7               |    1|   0|    1|          0|
    |ap_enable_reg_pp0_iter8               |    1|   0|    1|          0|
    |ap_enable_reg_pp0_iter9               |    1|   0|    1|          0|
    |ap_loop_exit_ready_pp0_iter10_reg     |    1|   0|    1|          0|
    |ap_loop_exit_ready_pp0_iter11_reg     |    1|   0|    1|          0|
    |ap_loop_exit_ready_pp0_iter12_reg     |    1|   0|    1|          0|
    |ap_loop_exit_ready_pp0_iter13_reg     |    1|   0|    1|          0|
    |ap_loop_exit_ready_pp0_iter14_reg     |    1|   0|    1|          0|
    |ap_loop_exit_ready_pp0_iter15_reg     |    1|   0|    1|          0|
    |ap_loop_exit_ready_pp0_iter1_reg      |    1|   0|    1|          0|
    |ap_loop_exit_ready_pp0_iter2_reg      |    1|   0|    1|          0|
    |ap_loop_exit_ready_pp0_iter3_reg      |    1|   0|    1|          0|
    |ap_loop_exit_ready_pp0_iter4_reg      |    1|   0|    1|          0|
    |ap_loop_exit_ready_pp0_iter5_reg      |    1|   0|    1|          0|
    |ap_loop_exit_ready_pp0_iter6_reg      |    1|   0|    1|          0|
    |ap_loop_exit_ready_pp0_iter7_reg      |    1|   0|    1|          0|
    |ap_loop_exit_ready_pp0_iter8_reg      |    1|   0|    1|          0|
    |ap_loop_exit_ready_pp0_iter9_reg      |    1|   0|    1|          0|
    |conv4_reg_884                         |   64|   0|   64|          0|
    |conv_reg_889                          |   64|   0|   64|          0|
    |i_fu_116                              |   10|   0|   10|          0|
    |icmp_ln32_reg_844                     |    1|   0|    1|          0|
    |icmp_ln37_reg_936                     |    1|   0|    1|          0|
    |pillar_count_fu_120                   |   32|   0|   32|          0|
    |pointcloud_load_reg_859               |  256|   0|  256|          0|
    |pseudoimage_count_addr_reg_931        |   14|   0|   14|          0|
    |pseudoimage_data_addr_reg_943         |   20|   0|   20|          0|
    |select_ln71_1_reg_864                 |   25|   0|   25|          0|
    |select_ln71_5_reg_869                 |   25|   0|   25|          0|
    |trunc_ln505_1_reg_900                 |   52|   0|   52|          0|
    |trunc_ln505_1_reg_900_pp0_iter14_reg  |   52|   0|   52|          0|
    |trunc_ln505_2_reg_911                 |   52|   0|   52|          0|
    |val_1_reg_921                         |   32|   0|   32|          0|
    |val_reg_916                           |   32|   0|   32|          0|
    |xs_exp_1_reg_894                      |   11|   0|   11|          0|
    |xs_exp_1_reg_894_pp0_iter14_reg       |   11|   0|   11|          0|
    |xs_exp_3_reg_905                      |   11|   0|   11|          0|
    |zext_ln32_reg_848                     |   10|   0|   64|         54|
    |icmp_ln32_reg_844                     |    0|   1|    1|          0|
    |pointcloud_load_reg_859               |    0|   1|  256|          0|
    |zext_ln32_reg_848                     |    0|   1|   64|         54|
    +--------------------------------------+-----+----+-----+-----------+
    |Total                                 |  824|   3| 1199|        108|
    +--------------------------------------+-----+----+-----+-----------+



================================================================
== Interface
================================================================
* Summary: 
+----------------------------+-----+-----+------------+------------------------------------------------+--------------+
|          RTL Ports         | Dir | Bits|  Protocol  |                  Source Object                 |    C Type    |
+----------------------------+-----+-----+------------+------------------------------------------------+--------------+
|ap_clk                      |   in|    1|  ap_ctrl_hs|  calculate_pseudoimage_Pipeline_collection_loop|  return value|
|ap_rst                      |   in|    1|  ap_ctrl_hs|  calculate_pseudoimage_Pipeline_collection_loop|  return value|
|ap_start                    |   in|    1|  ap_ctrl_hs|  calculate_pseudoimage_Pipeline_collection_loop|  return value|
|ap_done                     |  out|    1|  ap_ctrl_hs|  calculate_pseudoimage_Pipeline_collection_loop|  return value|
|ap_idle                     |  out|    1|  ap_ctrl_hs|  calculate_pseudoimage_Pipeline_collection_loop|  return value|
|ap_ready                    |  out|    1|  ap_ctrl_hs|  calculate_pseudoimage_Pipeline_collection_loop|  return value|
|grp_fu_174_p_din0           |  out|   64|  ap_ctrl_hs|  calculate_pseudoimage_Pipeline_collection_loop|  return value|
|grp_fu_174_p_din1           |  out|   64|  ap_ctrl_hs|  calculate_pseudoimage_Pipeline_collection_loop|  return value|
|grp_fu_174_p_dout0          |   in|   64|  ap_ctrl_hs|  calculate_pseudoimage_Pipeline_collection_loop|  return value|
|grp_fu_174_p_ce             |  out|    1|  ap_ctrl_hs|  calculate_pseudoimage_Pipeline_collection_loop|  return value|
|grp_fu_186_p_din0           |  out|   32|  ap_ctrl_hs|  calculate_pseudoimage_Pipeline_collection_loop|  return value|
|grp_fu_186_p_dout0          |   in|   64|  ap_ctrl_hs|  calculate_pseudoimage_Pipeline_collection_loop|  return value|
|grp_fu_186_p_ce             |  out|    1|  ap_ctrl_hs|  calculate_pseudoimage_Pipeline_collection_loop|  return value|
|pointcloud_address0         |  out|   10|   ap_memory|                                      pointcloud|         array|
|pointcloud_ce0              |  out|    1|   ap_memory|                                      pointcloud|         array|
|pointcloud_q0               |   in|  256|   ap_memory|                                      pointcloud|         array|
|pseudoimage_count_address0  |  out|   14|   ap_memory|                               pseudoimage_count|         array|
|pseudoimage_count_ce0       |  out|    1|   ap_memory|                               pseudoimage_count|         array|
|pseudoimage_count_we0       |  out|    1|   ap_memory|                               pseudoimage_count|         array|
|pseudoimage_count_d0        |  out|   32|   ap_memory|                               pseudoimage_count|         array|
|pseudoimage_count_q0        |   in|   32|   ap_memory|                               pseudoimage_count|         array|
|pseudoimage_data_address0   |  out|   20|   ap_memory|                                pseudoimage_data|         array|
|pseudoimage_data_ce0        |  out|    1|   ap_memory|                                pseudoimage_data|         array|
|pseudoimage_data_we0        |  out|    1|   ap_memory|                                pseudoimage_data|         array|
|pseudoimage_data_d0         |  out|  576|   ap_memory|                                pseudoimage_data|         array|
|pseudoimage_data_q0         |   in|  576|   ap_memory|                                pseudoimage_data|         array|
|indices_address0            |  out|   10|   ap_memory|                                         indices|         array|
|indices_ce0                 |  out|    1|   ap_memory|                                         indices|         array|
|indices_we0                 |  out|    1|   ap_memory|                                         indices|         array|
|indices_d0                  |  out|   32|   ap_memory|                                         indices|         array|
|indices_first_address0      |  out|   10|   ap_memory|                                   indices_first|         array|
|indices_first_ce0           |  out|    1|   ap_memory|                                   indices_first|         array|
|indices_first_we0           |  out|    1|   ap_memory|                                   indices_first|         array|
|indices_first_d0            |  out|   32|   ap_memory|                                   indices_first|         array|
|pillar_count_out            |  out|   32|      ap_vld|                                pillar_count_out|       pointer|
|pillar_count_out_ap_vld     |  out|    1|      ap_vld|                                pillar_count_out|       pointer|
+----------------------------+-----+-----+------------+------------------------------------------------+--------------+

