

================================================================
== Vitis HLS Report for 'calculate_pseudoimage'
================================================================
* Date:           Fri Dec 19 19:20:36 2025

* Version:        2025.2 (Build 6295257 on Nov 14 2025)
* Project:        hls_component
* Solution:       hls (Vivado IP Flow Target)
* Product family: kintexu
* Target device:  xcku025-ffva1156-2-e


================================================================
== Performance Estimates
================================================================
+ Timing: 
    * Summary: 
    +--------+----------+----------+------------+
    |  Clock |  Target  | Estimated| Uncertainty|
    +--------+----------+----------+------------+
    |ap_clk  |  10.00 ns|  3.140 ns|     2.70 ns|
    +--------+----------+----------+------------+

+ Latency: 
    * Summary: 
    +---------+---------+-----------+-----------+------+------+------------------------------------------------+
    |  Latency (cycles) |   Latency (absolute)  |   Interval  |                    Pipeline                    |
    |   min   |   max   |    min    |    max    |  min |  max |                      Type                      |
    +---------+---------+-----------+-----------+------+------+------------------------------------------------+
    |     2002|     2002|  20.020 us|  20.020 us|  2002|  2002|  loop auto-rewind stp (delay=2 clock cycles(s))|
    +---------+---------+-----------+-----------+------+------+------------------------------------------------+

    + Detail: 
        * Instance: 
        N/A

        * Loop: 
        +-------------------+---------+---------+----------+-----------+-----------+------+----------+
        |                   |  Latency (cycles) | Iteration|  Initiation Interval  | Trip |          |
        |     Loop Name     |   min   |   max   |  Latency |  achieved |   target  | Count| Pipelined|
        +-------------------+---------+---------+----------+-----------+-----------+------+----------+
        |- VITIS_LOOP_19_1  |     2000|     2000|         3|          2|          1|  1000|       yes|
        +-------------------+---------+---------+----------+-----------+-----------+------+----------+



================================================================
== Utilization Estimates
================================================================
* Summary: 
+-----------------+---------+------+--------+--------+-----+
|       Name      | BRAM_18K|  DSP |   FF   |   LUT  | URAM|
+-----------------+---------+------+--------+--------+-----+
|DSP              |        -|     -|       -|       -|    -|
|Expression       |        -|     -|       0|   48154|    -|
|FIFO             |        -|     -|       -|       -|    -|
|Instance         |        -|     -|       -|       -|    -|
|Memory           |        -|     -|       -|       -|    -|
|Multiplexer      |        -|     -|       0|      91|    -|
|Register         |        -|     -|      80|       -|    -|
+-----------------+---------+------+--------+--------+-----+
|Total            |        0|     0|      80|   48245|    0|
+-----------------+---------+------+--------+--------+-----+
|Available        |      720|  1152|  290880|  145440|    0|
+-----------------+---------+------+--------+--------+-----+
|Utilization (%)  |        0|     0|      ~0|      33|    0|
+-----------------+---------+------+--------+--------+-----+

+ Detail: 
    * Instance: 
    N/A

    * DSP: 
    N/A

    * Memory: 
    N/A

    * FIFO: 
    N/A

    * Expression: 
    +----------------------+----------+----+---+------+------------+------------+
    |     Variable Name    | Operation| DSP| FF|  LUT | Bitwidth P0| Bitwidth P1|
    +----------------------+----------+----+---+------+------------+------------+
    |add_ln23_fu_218_p2    |         +|   0|  0|    21|          14|          14|
    |add_ln25_fu_377_p2    |         +|   0|  0|    19|          12|           6|
    |add_ln26_fu_403_p2    |         +|   0|  0|    15|           8|           1|
    |i_3_fu_171_p2         |         +|   0|  0|    17|          10|           1|
    |and_ln26_1_fu_495_p2  |       and|   0|  0|  2055|        2056|        2056|
    |and_ln26_2_fu_563_p2  |       and|   0|  0|  2055|        2056|        2056|
    |and_ln26_3_fu_605_p2  |       and|   0|  0|  2055|        2056|        2056|
    |and_ln26_4_fu_433_p2  |       and|   0|  0|  2031|        2032|        2032|
    |and_ln26_5_fu_501_p2  |       and|   0|  0|  2039|        2040|        2040|
    |and_ln26_6_fu_569_p2  |       and|   0|  0|  2047|        2048|        2048|
    |and_ln26_fu_427_p2    |       and|   0|  0|  2055|        2056|        2056|
    |ap_condition_120      |       and|   0|  0|     2|           1|           1|
    |icmp_ln19_fu_177_p2   |      icmp|   0|  0|    17|          10|           6|
    |icmp_ln24_fu_243_p2   |      icmp|   0|  0|     9|           2|           1|
    |or_ln26_3_fu_611_p2   |        or|   0|  0|  2055|        2056|        2056|
    |or_ln26_5_fu_439_p2   |        or|   0|  0|  2031|        2032|        2032|
    |or_ln26_6_fu_575_p2   |        or|   0|  0|  2047|        2048|        2048|
    |or_ln26_fu_507_p2     |        or|   0|  0|  2039|        2040|        2040|
    |shl_ln25_1_fu_308_p2  |       shl|   0|  0|  2171|        2032|        2032|
    |shl_ln25_2_fu_326_p2  |       shl|   0|  0|  2171|           8|        2040|
    |shl_ln25_3_fu_339_p2  |       shl|   0|  0|  2171|        2040|        2040|
    |shl_ln25_4_fu_357_p2  |       shl|   0|  0|  2171|           8|        2048|
    |shl_ln25_5_fu_371_p2  |       shl|   0|  0|  2171|        2048|        2048|
    |shl_ln25_6_fu_387_p2  |       shl|   0|  0|  2171|           8|        2056|
    |shl_ln25_7_fu_397_p2  |       shl|   0|  0|  2171|        2056|        2056|
    |shl_ln25_fu_295_p2    |       shl|   0|  0|  2171|           8|        2032|
    |ap_enable_pp0         |       xor|   0|  0|     2|           1|           2|
    |xor_ln26_1_fu_473_p2  |       xor|   0|  0|  2040|        2041|           2|
    |xor_ln26_2_fu_541_p2  |       xor|   0|  0|  2048|        2049|          10|
    |xor_ln26_3_fu_599_p2  |       xor|   0|  0|  2055|        2056|          10|
    |xor_ln26_fu_409_p2    |       xor|   0|  0|  2032|        2033|           2|
    +----------------------+----------+----+---+------+------------+------------+
    |Total                 |          |   0|  0| 48154|       38965|       38928|
    +----------------------+----------+----+---+------+------------+------------+

    * Multiplexer: 
    +--------------------------------------------------+----+-----------+-----+-----------+
    |                       Name                       | LUT| Input Size| Bits| Total Bits|
    +--------------------------------------------------+----+-----------+-----+-----------+
    |ap_NS_fsm                                         |  14|          3|    1|          3|
    |ap_condition_exit_pp0_iter0_stage1_pp0_iter1_reg  |   9|          2|    1|          2|
    |ap_done_int                                       |   9|          2|    1|          2|
    |ap_enable_reg_pp0_iter0                           |   9|          2|    1|          2|
    |ap_enable_reg_pp0_iter1                           |   9|          2|    1|          2|
    |ap_loop_exit_ready_pp0_iter1_reg                  |   9|          2|    1|          2|
    |ap_sig_allocacmp_i_1                              |   9|          2|   10|         20|
    |i_fu_128                                          |   9|          2|   10|         20|
    |pseudoimage_address0_local                        |  14|          3|   14|         42|
    +--------------------------------------------------+----+-----------+-----+-----------+
    |Total                                             |  91|         20|   40|         95|
    +--------------------------------------------------+----+-----------+-----+-----------+

    * Register: 
    +--------------------------------------------------+----+----+-----+-----------+
    |                       Name                       | FF | LUT| Bits| Const Bits|
    +--------------------------------------------------+----+----+-----+-----------+
    |ap_CS_fsm                                         |   2|   0|    2|          0|
    |ap_condition_exit_pp0_iter0_stage1_pp0_iter1_reg  |   1|   0|    1|          0|
    |ap_done_reg                                       |   1|   0|    1|          0|
    |ap_enable_reg_pp0_iter0_reg                       |   1|   0|    1|          0|
    |ap_enable_reg_pp0_iter1                           |   1|   0|    1|          0|
    |ap_loop_exit_ready_pp0_iter1_reg                  |   1|   0|    1|          0|
    |i_fu_128                                          |  10|   0|   10|          0|
    |icmp_ln19_reg_648                                 |   1|   0|    1|          0|
    |pointcloud_load_reg_652                           |  32|   0|   32|          0|
    |pseudoimage_addr_reg_668                          |  14|   0|   14|          0|
    |x_reg_658                                         |   8|   0|    8|          0|
    |y_reg_663                                         |   8|   0|    8|          0|
    +--------------------------------------------------+----+----+-----+-----------+
    |Total                                             |  80|   0|   80|          0|
    +--------------------------------------------------+----+----+-----+-----------+



================================================================
== Interface
================================================================
* Summary: 
+----------------------+-----+------+------------+-----------------------+--------------+
|       RTL Ports      | Dir | Bits |  Protocol  |     Source Object     |    C Type    |
+----------------------+-----+------+------------+-----------------------+--------------+
|ap_clk                |   in|     1|  ap_ctrl_hs|  calculate_pseudoimage|  return value|
|ap_rst                |   in|     1|  ap_ctrl_hs|  calculate_pseudoimage|  return value|
|ap_start              |   in|     1|  ap_ctrl_hs|  calculate_pseudoimage|  return value|
|ap_done               |  out|     1|  ap_ctrl_hs|  calculate_pseudoimage|  return value|
|ap_idle               |  out|     1|  ap_ctrl_hs|  calculate_pseudoimage|  return value|
|ap_ready              |  out|     1|  ap_ctrl_hs|  calculate_pseudoimage|  return value|
|pointcloud_address0   |  out|    10|   ap_memory|             pointcloud|         array|
|pointcloud_ce0        |  out|     1|   ap_memory|             pointcloud|         array|
|pointcloud_q0         |   in|    32|   ap_memory|             pointcloud|         array|
|pseudoimage_address0  |  out|    14|   ap_memory|            pseudoimage|         array|
|pseudoimage_ce0       |  out|     1|   ap_memory|            pseudoimage|         array|
|pseudoimage_we0       |  out|     1|   ap_memory|            pseudoimage|         array|
|pseudoimage_d0        |  out|  2056|   ap_memory|            pseudoimage|         array|
|pseudoimage_q0        |   in|  2056|   ap_memory|            pseudoimage|         array|
+----------------------+-----+------+------------+-----------------------+--------------+

