================================================================
== Design Size Report
================================================================

* Total Instructions per Compilation Phase
+---------------+----------------------------+--------------+----------------------------------------------------------------------------------------+
| Phase         | Step                       | Instructions | Description                                                                            |
+---------------+----------------------------+--------------+----------------------------------------------------------------------------------------+
| Compile/Link  |                            | 8,129        | After all functions are compiled and linked into a single design                       |
|               |                            |              |                                                                                        |
| Unroll/Inline |                            |              | After user unroll and inline pragmas are applied                                       |
|               | (1) unroll                 |   785        | user unroll pragmas are applied                                                        |
|               | (2) simplification         |   359        | simplification of applied user unroll pragmas                                          |
|               | (3) inline                 |   360        | user inline pragmas are applied                                                        |
|               | (4) simplification         |   228        | simplification of applied user inline pragmas                                          |
|               |                            |              |                                                                                        |
| Array/Struct  |                            |              | After user array partition and struct aggregate/disaggregate pragmas are applied       |
|               | (1) array partition        |   225        | user array partition pragmas are applied                                               |
|               | (2) simplification         |   225        | simplification of applied user array partition & struct aggregate/disaggregate pragmas |
|               | (3) aggregate/disaggregate |   309        | user struct aggregate/disaggregate pragmas are applied                                 |
|               | (4) array reshape          |   305        | apply array reshape pragmas                                                            |
|               | (5) access patterns        |   306        | array access pattern optmizations                                                      |
|               |                            |              |                                                                                        |
| Performance   |                            |              | After transformations are applied to meet performance pragma targets                   |
|               | (1) loop simplification    |   306        | loop and instruction simplification                                                    |
|               | (2) parallelization        |   302        | loops are unrolled or pipelined to meet performance targets                            |
|               | (3) array partition        |   299        | arrays are partitioned to meet performance targets                                     |
|               | (4) simplification         |   299        | simplification of design after performance transformations                             |
|               |                            |              |                                                                                        |
| HW Transforms |                            |              | After hardware transfomations                                                          |
|               | (1) lowering               |   305        | initial conversion to HW specific instructions                                         |
|               | (2) optimizations          |   267        | high level synthesis optimizations                                                     |
+---------------+----------------------------+--------------+----------------------------------------------------------------------------------------+

* Instructions per Function for each Compilation Phase
+-------------------------------------+----------------+--------------+---------------+--------------+-------------+---------------+
| Function                            | Location       | Compile/Link | Unroll/Inline | Array/Struct | Performance | HW Transforms |
+-------------------------------------+----------------+--------------+---------------+--------------+-------------+---------------+
| + calculate_pseudoimage             | PFN.cpp:28     | 8,129        | 228           | 306          | 299         | 267           |
|    pair<unsigned int, unsigned ...  | stl_pair.h:229 |    6         |               |              |             |               |
|  + make_pair<unsigned int &, un...  | stl_pair.h:524 |   10         |               |              |             |               |
|     pair<unsigned int &, unsigne... | stl_pair.h:341 |    8         |               |              |             |               |
|    operator=                        | stl_pair.h:389 |    9         |               |              |             |               |
+-------------------------------------+----------------+--------------+---------------+--------------+-------------+---------------+

* Design Size Message Settings
+---------------------------------------------+--------+------------------------------------------------------------------+
| Message Setting                             | Value  | Description                                                      |
+---------------------------------------------+--------+------------------------------------------------------------------+
| config_compile -design_size_maximum_warning | 100000 | Show a warning when total design instructions exceeds this value |
+---------------------------------------------+--------+------------------------------------------------------------------+


