01/13/26 02:59:39: Running xcd server. This server was built by gradle.
01/13/26 02:59:39: Server was asked to start on port: '64117'
01/13/26 02:59:39: Server is using token UUID: '83dcb5b9-53bb-4910-8d9c-b5ab0aaa833d'
01/13/26 02:59:39: SESSION_MGR: creating session with session uuid: '6d04a3e9-ade5-4ab9-8d63-1f78fcd2ec76' and name 'default'
01/13/26 02:59:39: Attempting to start server on port '64117'
01/13/26 02:59:39: Running Dispatch Server
01/13/26 02:59:39: Version 2.2.0
01/13/26 02:59:41: Dispatch Server: Accepted socket connection from client
01/13/26 02:59:41: Starting Socket connection
01/13/26 02:59:41: EXCHANGE_TOKEN received, server token: 83dcb5b9-53bb-4910-8d9c-b5ab0aaa833d, passed token: 83dcb5b9-53bb-4910-8d9c-b5ab0aaa833d
01/13/26 02:59:42: DISPATCH_HANDLER: Adding handler from function makeHandler in library xv_system_diagram
01/13/26 02:59:42: SESSION_MGR: creating session with session uuid: '71033359-92c8-4503-bae6-5c15d43f1b8f' and name 'v++_compile_hls_component'
01/13/26 02:59:42: KERNEL_SVC: creating session with uuid: '71033359-92c8-4503-bae6-5c15d43f1b8f' and name 'v++_compile_hls_component'
01/13/26 02:59:42: GUIDANCE_SMGR: creating guidance session with uuid: '71033359-92c8-4503-bae6-5c15d43f1b8f' and name 'v++_compile_hls_component'
01/13/26 02:59:42: SYSTEM_DIAGRAM: creating session with uuid: '71033359-92c8-4503-bae6-5c15d43f1b8f' and name 'v++_compile_hls_component'
01/13/26 02:59:45: SESSION_MGR: closing session for UUID '71033359-92c8-4503-bae6-5c15d43f1b8f' with name 'v++_compile_hls_component'
01/13/26 02:59:45: KERNEL_SVC: closing session for UUID '71033359-92c8-4503-bae6-5c15d43f1b8f' with name 'v++_compile_hls_component'
01/13/26 02:59:45: GUIDANCE_SMGR: closing session for UUID '71033359-92c8-4503-bae6-5c15d43f1b8f' with name 'v++_compile_hls_component'
01/13/26 02:59:45: SYSTEM_DIAGRAM: closing session for UUID '71033359-92c8-4503-bae6-5c15d43f1b8f' with name 'v++_compile_hls_component'
01/13/26 02:59:45: STOP_SERVER received, server token: 83dcb5b9-53bb-4910-8d9c-b5ab0aaa833d, passed token: 83dcb5b9-53bb-4910-8d9c-b5ab0aaa833d
01/13/26 02:59:45: Socket received request to stop server.
01/13/26 02:59:45: Dispatch Server: do_await_stop
01/13/26 02:59:45: SERVER: destructor for server bound to port 64117
01/13/26 03:00:54: Running xcd server. This server was built by gradle.
01/13/26 03:00:54: Server was asked to start on port: '64119'
01/13/26 03:00:54: Server is using token UUID: '2d64cd70-980c-4622-bebd-48550d83741c'
01/13/26 03:00:54: SESSION_MGR: creating session with session uuid: '6d04a3e9-ade5-4ab9-8d63-1f78fcd2ec76' and name 'default'
01/13/26 03:00:54: Attempting to start server on port '64119'
01/13/26 03:00:54: Running Dispatch Server
01/13/26 03:00:54: Version 2.2.0
01/13/26 03:00:56: Dispatch Server: Accepted socket connection from client
01/13/26 03:00:56: Starting Socket connection
01/13/26 03:00:56: EXCHANGE_TOKEN received, server token: 2d64cd70-980c-4622-bebd-48550d83741c, passed token: 2d64cd70-980c-4622-bebd-48550d83741c
01/13/26 03:00:57: DISPATCH_HANDLER: Adding handler from function makeHandler in library xv_system_diagram
01/13/26 03:00:57: SESSION_MGR: creating session with session uuid: '3d193ede-700d-40bb-ab17-eadb8ba82553' and name 'v++_compile_hls_component'
01/13/26 03:00:57: KERNEL_SVC: creating session with uuid: '3d193ede-700d-40bb-ab17-eadb8ba82553' and name 'v++_compile_hls_component'
01/13/26 03:00:57: GUIDANCE_SMGR: creating guidance session with uuid: '3d193ede-700d-40bb-ab17-eadb8ba82553' and name 'v++_compile_hls_component'
01/13/26 03:00:57: SYSTEM_DIAGRAM: creating session with uuid: '3d193ede-700d-40bb-ab17-eadb8ba82553' and name 'v++_compile_hls_component'
01/13/26 03:01:01: Dispatch Server: Accepted socket connection from client
01/13/26 03:01:01: Starting Socket connection
01/13/26 03:04:14: SESSION_MGR: closing session for UUID '3d193ede-700d-40bb-ab17-eadb8ba82553' with name 'v++_compile_hls_component'
01/13/26 03:04:14: KERNEL_SVC: closing session for UUID '3d193ede-700d-40bb-ab17-eadb8ba82553' with name 'v++_compile_hls_component'
01/13/26 03:04:14: GUIDANCE_SMGR: closing session for UUID '3d193ede-700d-40bb-ab17-eadb8ba82553' with name 'v++_compile_hls_component'
01/13/26 03:04:14: SYSTEM_DIAGRAM: closing session for UUID '3d193ede-700d-40bb-ab17-eadb8ba82553' with name 'v++_compile_hls_component'
01/13/26 03:04:14: STOP_SERVER received, server token: 2d64cd70-980c-4622-bebd-48550d83741c, passed token: 2d64cd70-980c-4622-bebd-48550d83741c
01/13/26 03:04:14: Socket received request to stop server.
01/13/26 03:04:14: Dispatch Server: do_await_stop
01/13/26 03:04:14: SERVER: destructor for server bound to port 64119
01/13/26 03:04:53: Running xcd server. This server was built by gradle.
01/13/26 03:04:53: Server was asked to start on port: '64130'
01/13/26 03:04:53: Server is using token UUID: '4eb00738-f804-4c99-9414-8c2fa49d70b8'
01/13/26 03:04:53: SESSION_MGR: creating session with session uuid: '6d04a3e9-ade5-4ab9-8d63-1f78fcd2ec76' and name 'default'
01/13/26 03:04:53: Attempting to start server on port '64130'
01/13/26 03:04:53: Running Dispatch Server
01/13/26 03:04:53: Version 2.2.0
01/13/26 03:04:55: Dispatch Server: Accepted socket connection from client
01/13/26 03:04:55: Starting Socket connection
01/13/26 03:04:55: EXCHANGE_TOKEN received, server token: 4eb00738-f804-4c99-9414-8c2fa49d70b8, passed token: 4eb00738-f804-4c99-9414-8c2fa49d70b8
01/13/26 03:04:56: DISPATCH_HANDLER: Adding handler from function makeHandler in library xv_system_diagram
01/13/26 03:04:56: SESSION_MGR: creating session with session uuid: '3fb6a0a0-283e-4c57-b4b3-40f28f7427e1' and name 'vitis-run_compile_hls_component'
01/13/26 03:04:56: KERNEL_SVC: creating session with uuid: '3fb6a0a0-283e-4c57-b4b3-40f28f7427e1' and name 'vitis-run_compile_hls_component'
01/13/26 03:04:56: GUIDANCE_SMGR: creating guidance session with uuid: '3fb6a0a0-283e-4c57-b4b3-40f28f7427e1' and name 'vitis-run_compile_hls_component'
01/13/26 03:04:56: SYSTEM_DIAGRAM: creating session with uuid: '3fb6a0a0-283e-4c57-b4b3-40f28f7427e1' and name 'vitis-run_compile_hls_component'
01/13/26 03:05:00: Dispatch Server: Accepted socket connection from client
01/13/26 03:05:00: Starting Socket connection
01/13/26 03:07:58: Dispatch Server: Accepted socket connection from client
01/13/26 03:07:58: Starting Socket connection
01/13/26 03:23:52: Dispatch Server: Accepted socket connection from client
01/13/26 03:23:52: Starting Socket connection
01/13/26 03:31:55: SESSION_MGR: closing session for UUID '3fb6a0a0-283e-4c57-b4b3-40f28f7427e1' with name 'vitis-run_compile_hls_component'
01/13/26 03:31:55: KERNEL_SVC: closing session for UUID '3fb6a0a0-283e-4c57-b4b3-40f28f7427e1' with name 'vitis-run_compile_hls_component'
01/13/26 03:31:55: GUIDANCE_SMGR: closing session for UUID '3fb6a0a0-283e-4c57-b4b3-40f28f7427e1' with name 'vitis-run_compile_hls_component'
01/13/26 03:31:55: SYSTEM_DIAGRAM: closing session for UUID '3fb6a0a0-283e-4c57-b4b3-40f28f7427e1' with name 'vitis-run_compile_hls_component'
01/13/26 03:31:55: STOP_SERVER received, server token: 4eb00738-f804-4c99-9414-8c2fa49d70b8, passed token: 4eb00738-f804-4c99-9414-8c2fa49d70b8
01/13/26 03:31:55: Socket received request to stop server.
01/13/26 03:31:55: Dispatch Server: do_await_stop
01/13/26 03:31:55: SERVER: destructor for server bound to port 64130
